Turbo Assembler	 Version 4.1	    06/02/25 10:12:19	    Page 1
hello_wo.asm



      1	0000			     .model tiny
      2	0000			     .code
      3				     org 100h
      4	0100			     start:
      5	0100  B4 02			     mov ah, 02h
      6	0102  BA 010Cr			     mov dx, offset Vstring
      7	0105  CD 21			     int 21h
      8	0107  B8 4C00			     mov ax, 4c00h
      9	010A  CD 21			     int 21h
     10	010C  48 65 6C 6C 6F 20	77+  Vstring db	"Hello world", 0dh, 0ah, "$"
     11	      6F 72 6C 64 0D 0A	24
     12				     end start
Turbo Assembler	 Version 4.1	    06/02/25 10:12:19	    Page 2
Symbol Table




Symbol Name			  Type	 Value

??DATE				  Text	 "06/02/25"
??FILENAME			  Text	 "hello_wo"
??TIME				  Text	 "10:12:19"
??VERSION			  Number 040A
@32BIT				  Text	 0
@CODE				  Text	 DGROUP
@CODESIZE			  Text	 0
@CPU				  Text	 0101H
@CURSEG				  Text	 _TEXT
@DATA				  Text	 DGROUP
@DATASIZE			  Text	 0
@FILENAME			  Text	 HELLO_WO
@INTERFACE			  Text	 000H
@MODEL				  Text	 1
@STACK				  Text	 DGROUP
@WORDSIZE			  Text	 2
START				  Near	 DGROUP:0100
VSTRING				  Byte	 DGROUP:010C

Groups & Segments		  Bit Size Align  Combine Class

DGROUP				  Group
  _DATA				  16  0000 Word	  Public  DATA
  _TEXT				  16  011A Word	  Public  CODE
